0 info it worked if it ends with ok
1 verbose cli [ 'c:\\Program Files\\nodejs\\node.exe',
1 verbose cli   'c:\\Program Files\\nodejs\\node_modules\\npm\\bin\\npm-cli.js',
1 verbose cli   'install' ]
2 info using npm@1.4.28
3 info using node@v0.10.35
4 error install Couldn't read dependencies
5 error Error: Invalid name: "etude svg"
5 error     at ensureValidName (c:\Program Files\nodejs\node_modules\npm\node_modules\read-package-json\node_modules\normalize-package-data\lib\fixer.js:315:15)
5 error     at Object.module.exports.fixNameField (c:\Program Files\nodejs\node_modules\npm\node_modules\read-package-json\node_modules\normalize-package-data\lib\fixer.js:204:5)
5 error     at c:\Program Files\nodejs\node_modules\npm\node_modules\read-package-json\node_modules\normalize-package-data\lib\normalize.js:30:38
5 error     at Array.forEach (native)
5 error     at normalize (c:\Program Files\nodejs\node_modules\npm\node_modules\read-package-json\node_modules\normalize-package-data\lib\normalize.js:29:15)
5 error     at final (c:\Program Files\nodejs\node_modules\npm\node_modules\read-package-json\read-json.js:342:33)
5 error     at then (c:\Program Files\nodejs\node_modules\npm\node_modules\read-package-json\read-json.js:126:33)
5 error     at c:\Program Files\nodejs\node_modules\npm\node_modules\read-package-json\read-json.js:316:48
5 error     at evalmachine.<anonymous>:208:20
5 error     at OpenReq.Req.done (c:\Program Files\nodejs\node_modules\npm\node_modules\graceful-fs\graceful-fs.js:141:5)
6 error If you need help, you may report this *entire* log,
6 error including the npm and node versions, at:
6 error     <http://github.com/npm/npm/issues>
7 error System Windows_NT 6.1.7601
8 error command "c:\\Program Files\\nodejs\\node.exe" "c:\\Program Files\\nodejs\\node_modules\\npm\\bin\\npm-cli.js" "install"
9 error cwd C:\Projets\etude_svg
10 error node -v v0.10.35
11 error npm -v 1.4.28
12 verbose exit [ 1, true ]
